2026-02-08 15:48:23 [main] INFO  com.pack.RevHire.config.DBConnection - Successfully established connection to database: jdbc:oracle:thin:@localhost:1521/XEPDB1
2026-02-08 16:15:19 [main] INFO  com.pack.RevHire.config.DBConnection - Successfully established connection to database: jdbc:oracle:thin:@localhost:1521/XEPDB1
2026-02-08 16:15:19 [main] INFO  com.pack.RevHire.config.DatabaseInitializer - Starting Database check to verify required tables...
2026-02-08 16:15:20 [main] INFO  com.pack.RevHire.config.DatabaseInitializer - Database check complete: All required tables already exist.
2026-02-08 17:08:36 [main] INFO  com.pack.RevHire.config.DBConnection - Successfully established connection to database: jdbc:oracle:thin:@localhost:1521/XEPDB1
2026-02-08 17:08:36 [main] INFO  com.pack.RevHire.config.DatabaseInitializer - Starting Database check to verify required tables...
2026-02-08 17:08:36 [main] INFO  com.pack.RevHire.config.DatabaseInitializer - Database check complete: All required tables already exist.
2026-02-08 17:08:48 [main] INFO  com.pack.RevHire.config.DBConnection - Successfully established connection to database: jdbc:oracle:thin:@localhost:1521/XEPDB1
2026-02-08 17:08:54 [main] INFO  com.pack.RevHire.config.DBConnection - Successfully established connection to database: jdbc:oracle:thin:@localhost:1521/XEPDB1
2026-02-08 17:08:54 [main] INFO  com.pack.RevHire.config.DBConnection - Successfully established connection to database: jdbc:oracle:thin:@localhost:1521/XEPDB1
2026-02-08 17:08:54 [main] INFO  com.pack.RevHire.config.DBConnection - Successfully established connection to database: jdbc:oracle:thin:@localhost:1521/XEPDB1
2026-02-08 17:08:55 [main] INFO  com.pack.RevHire.config.DBConnection - Successfully established connection to database: jdbc:oracle:thin:@localhost:1521/XEPDB1
2026-02-08 17:08:55 [main] INFO  com.pack.RevHire.config.DBConnection - Successfully established connection to database: jdbc:oracle:thin:@localhost:1521/XEPDB1
2026-02-08 17:08:55 [main] INFO  com.pack.RevHire.config.DBConnection - Successfully established connection to database: jdbc:oracle:thin:@localhost:1521/XEPDB1
2026-02-08 17:08:55 [main] INFO  com.pack.RevHire.config.DBConnection - Successfully established connection to database: jdbc:oracle:thin:@localhost:1521/XEPDB1
2026-02-08 17:08:55 [main] INFO  com.pack.RevHire.config.DBConnection - Successfully established connection to database: jdbc:oracle:thin:@localhost:1521/XEPDB1
2026-02-08 17:08:55 [main] INFO  com.pack.RevHire.config.DBConnection - Successfully established connection to database: jdbc:oracle:thin:@localhost:1521/XEPDB1
2026-02-08 17:08:55 [main] INFO  com.pack.RevHire.config.DBConnection - Successfully established connection to database: jdbc:oracle:thin:@localhost:1521/XEPDB1
2026-02-08 17:08:55 [main] INFO  com.pack.RevHire.config.DBConnection - Successfully established connection to database: jdbc:oracle:thin:@localhost:1521/XEPDB1
2026-02-08 17:08:55 [main] INFO  com.pack.RevHire.config.DBConnection - Successfully established connection to database: jdbc:oracle:thin:@localhost:1521/XEPDB1
2026-02-08 17:08:55 [main] INFO  com.pack.RevHire.config.DBConnection - Successfully established connection to database: jdbc:oracle:thin:@localhost:1521/XEPDB1
2026-02-08 17:08:55 [main] INFO  com.pack.RevHire.config.DBConnection - Successfully established connection to database: jdbc:oracle:thin:@localhost:1521/XEPDB1
2026-02-08 17:09:01 [main] INFO  com.pack.RevHire.config.DBConnection - Successfully established connection to database: jdbc:oracle:thin:@localhost:1521/XEPDB1
2026-02-08 17:09:01 [main] INFO  com.pack.RevHire.config.DBConnection - Successfully established connection to database: jdbc:oracle:thin:@localhost:1521/XEPDB1
2026-02-08 17:09:01 [main] INFO  com.pack.RevHire.config.DBConnection - Successfully established connection to database: jdbc:oracle:thin:@localhost:1521/XEPDB1
2026-02-08 17:09:34 [main] INFO  com.pack.RevHire.config.DBConnection - Successfully established connection to database: jdbc:oracle:thin:@localhost:1521/XEPDB1
2026-02-08 17:09:34 [main] INFO  com.pack.RevHire.config.DBConnection - Successfully established connection to database: jdbc:oracle:thin:@localhost:1521/XEPDB1
2026-02-08 17:09:34 [main] INFO  com.pack.RevHire.config.DBConnection - Successfully established connection to database: jdbc:oracle:thin:@localhost:1521/XEPDB1
2026-02-08 17:09:35 [main] INFO  com.pack.RevHire.config.DBConnection - Successfully established connection to database: jdbc:oracle:thin:@localhost:1521/XEPDB1
2026-02-08 17:10:10 [main] INFO  com.pack.RevHire.config.DBConnection - Successfully established connection to database: jdbc:oracle:thin:@localhost:1521/XEPDB1
2026-02-08 17:20:09 [main] INFO  com.pack.RevHire.config.DBConnection - Successfully established connection to database: jdbc:oracle:thin:@localhost:1521/XEPDB1
2026-02-08 17:20:09 [main] INFO  com.pack.RevHire.config.DatabaseInitializer - Starting Database check to verify required tables...
2026-02-08 17:20:09 [main] INFO  com.pack.RevHire.config.DatabaseInitializer - Database check complete: All required tables already exist.
2026-02-08 17:20:18 [main] INFO  com.pack.RevHire.config.DBConnection - Successfully established connection to database: jdbc:oracle:thin:@localhost:1521/XEPDB1
2026-02-08 17:20:34 [main] INFO  com.pack.RevHire.config.DBConnection - Successfully established connection to database: jdbc:oracle:thin:@localhost:1521/XEPDB1
2026-02-08 17:20:44 [main] INFO  com.pack.RevHire.config.DBConnection - Successfully established connection to database: jdbc:oracle:thin:@localhost:1521/XEPDB1
2026-02-08 17:20:44 [main] INFO  com.pack.RevHire.config.DBConnection - Successfully established connection to database: jdbc:oracle:thin:@localhost:1521/XEPDB1
2026-02-08 17:20:44 [main] INFO  com.pack.RevHire.config.DBConnection - Successfully established connection to database: jdbc:oracle:thin:@localhost:1521/XEPDB1
2026-02-08 17:20:44 [main] INFO  com.pack.RevHire.config.DBConnection - Successfully established connection to database: jdbc:oracle:thin:@localhost:1521/XEPDB1
2026-02-08 17:20:44 [main] INFO  com.pack.RevHire.config.DBConnection - Successfully established connection to database: jdbc:oracle:thin:@localhost:1521/XEPDB1
2026-02-08 17:20:44 [main] INFO  com.pack.RevHire.config.DBConnection - Successfully established connection to database: jdbc:oracle:thin:@localhost:1521/XEPDB1
2026-02-08 17:20:45 [main] INFO  com.pack.RevHire.config.DBConnection - Successfully established connection to database: jdbc:oracle:thin:@localhost:1521/XEPDB1
2026-02-08 17:20:45 [main] INFO  com.pack.RevHire.config.DBConnection - Successfully established connection to database: jdbc:oracle:thin:@localhost:1521/XEPDB1
2026-02-08 17:20:45 [main] INFO  com.pack.RevHire.config.DBConnection - Successfully established connection to database: jdbc:oracle:thin:@localhost:1521/XEPDB1
2026-02-08 17:20:45 [main] INFO  com.pack.RevHire.config.DBConnection - Successfully established connection to database: jdbc:oracle:thin:@localhost:1521/XEPDB1
2026-02-08 17:20:45 [main] INFO  com.pack.RevHire.config.DBConnection - Successfully established connection to database: jdbc:oracle:thin:@localhost:1521/XEPDB1
2026-02-08 17:20:45 [main] INFO  com.pack.RevHire.config.DBConnection - Successfully established connection to database: jdbc:oracle:thin:@localhost:1521/XEPDB1
2026-02-08 17:20:45 [main] INFO  com.pack.RevHire.config.DBConnection - Successfully established connection to database: jdbc:oracle:thin:@localhost:1521/XEPDB1
2026-02-08 17:20:45 [main] INFO  com.pack.RevHire.config.DBConnection - Successfully established connection to database: jdbc:oracle:thin:@localhost:1521/XEPDB1
2026-02-08 17:20:51 [main] INFO  com.pack.RevHire.config.DBConnection - Successfully established connection to database: jdbc:oracle:thin:@localhost:1521/XEPDB1
2026-02-08 17:20:51 [main] INFO  com.pack.RevHire.config.DBConnection - Successfully established connection to database: jdbc:oracle:thin:@localhost:1521/XEPDB1
2026-02-08 17:20:51 [main] INFO  com.pack.RevHire.config.DBConnection - Successfully established connection to database: jdbc:oracle:thin:@localhost:1521/XEPDB1
2026-02-08 17:21:18 [main] INFO  com.pack.RevHire.config.DBConnection - Successfully established connection to database: jdbc:oracle:thin:@localhost:1521/XEPDB1
2026-02-08 17:21:18 [main] INFO  com.pack.RevHire.config.DBConnection - Successfully established connection to database: jdbc:oracle:thin:@localhost:1521/XEPDB1
2026-02-08 17:21:18 [main] INFO  com.pack.RevHire.config.DBConnection - Successfully established connection to database: jdbc:oracle:thin:@localhost:1521/XEPDB1
2026-02-08 17:21:18 [main] INFO  com.pack.RevHire.config.DBConnection - Successfully established connection to database: jdbc:oracle:thin:@localhost:1521/XEPDB1
2026-02-08 17:21:18 [main] INFO  com.pack.RevHire.config.DBConnection - Employer 44 notified for Job 58
2026-02-08 17:21:45 [main] INFO  com.pack.RevHire.config.DBConnection - Successfully established connection to database: jdbc:oracle:thin:@localhost:1521/XEPDB1
2026-02-08 17:44:53 [main] INFO  com.pack.RevHire.config.DBConnection - Successfully established connection to database: jdbc:oracle:thin:@localhost:1521/XEPDB1
2026-02-08 17:44:53 [main] INFO  com.pack.RevHire.config.DatabaseInitializer - Starting Database check to verify required tables...
2026-02-08 17:44:53 [main] INFO  com.pack.RevHire.config.DatabaseInitializer - Database check complete: All required tables already exist.
2026-02-08 17:45:27 [main] INFO  com.pack.RevHire.config.DBConnection - Successfully established connection to database: jdbc:oracle:thin:@localhost:1521/XEPDB1
2026-02-08 17:45:35 [main] INFO  com.pack.RevHire.config.DBConnection - Successfully established connection to database: jdbc:oracle:thin:@localhost:1521/XEPDB1
2026-02-08 17:45:44 [main] INFO  com.pack.RevHire.config.DBConnection - Successfully established connection to database: jdbc:oracle:thin:@localhost:1521/XEPDB1
2026-02-08 17:45:44 [main] INFO  com.pack.RevHire.config.DBConnection - Successfully established connection to database: jdbc:oracle:thin:@localhost:1521/XEPDB1
2026-02-08 17:47:53 [main] INFO  com.pack.RevHire.config.DBConnection - Successfully established connection to database: jdbc:oracle:thin:@localhost:1521/XEPDB1
2026-02-08 17:47:53 [main] INFO  com.pack.RevHire.config.DatabaseInitializer - Starting Database check to verify required tables...
2026-02-08 17:47:54 [main] INFO  com.pack.RevHire.config.DatabaseInitializer - Database check complete: All required tables already exist.
2026-02-08 17:48:10 [main] INFO  com.pack.RevHire.config.DBConnection - Successfully established connection to database: jdbc:oracle:thin:@localhost:1521/XEPDB1
2026-02-08 17:48:12 [main] INFO  com.pack.RevHire.config.DBConnection - Successfully established connection to database: jdbc:oracle:thin:@localhost:1521/XEPDB1
2026-02-08 17:49:14 [main] INFO  com.pack.RevHire.config.DBConnection - Successfully established connection to database: jdbc:oracle:thin:@localhost:1521/XEPDB1
2026-02-08 17:49:18 [main] INFO  com.pack.RevHire.config.DBConnection - Successfully established connection to database: jdbc:oracle:thin:@localhost:1521/XEPDB1
2026-02-08 17:49:35 [main] INFO  com.pack.RevHire.config.DBConnection - Successfully established connection to database: jdbc:oracle:thin:@localhost:1521/XEPDB1
2026-02-08 17:49:43 [main] INFO  com.pack.RevHire.config.DBConnection - Successfully established connection to database: jdbc:oracle:thin:@localhost:1521/XEPDB1
2026-02-08 17:49:43 [main] INFO  com.pack.RevHire.config.DBConnection - Successfully established connection to database: jdbc:oracle:thin:@localhost:1521/XEPDB1
2026-02-08 17:49:50 [main] INFO  com.pack.RevHire.config.DBConnection - Successfully established connection to database: jdbc:oracle:thin:@localhost:1521/XEPDB1
2026-02-08 17:49:50 [main] INFO  com.pack.RevHire.config.DBConnection - Successfully established connection to database: jdbc:oracle:thin:@localhost:1521/XEPDB1
2026-02-08 17:49:53 [main] INFO  com.pack.RevHire.config.DBConnection - Successfully established connection to database: jdbc:oracle:thin:@localhost:1521/XEPDB1
2026-02-08 18:03:01 [main] INFO  com.pack.RevHire.config.DBConnection - Successfully established connection to database: jdbc:oracle:thin:@localhost:1521/XEPDB1
2026-02-08 18:03:01 [main] INFO  com.pack.RevHire.config.DatabaseInitializer - Starting Database check to verify required tables...
2026-02-08 18:03:02 [main] INFO  com.pack.RevHire.config.DatabaseInitializer - Database check complete: All required tables already exist.
2026-02-08 18:03:18 [main] INFO  com.pack.RevHire.config.DBConnection - Successfully established connection to database: jdbc:oracle:thin:@localhost:1521/XEPDB1
2026-02-08 18:04:06 [main] INFO  com.pack.RevHire.config.DBConnection - Successfully established connection to database: jdbc:oracle:thin:@localhost:1521/XEPDB1
2026-02-08 18:04:22 [main] INFO  com.pack.RevHire.config.DBConnection - Successfully established connection to database: jdbc:oracle:thin:@localhost:1521/XEPDB1
2026-02-08 18:04:25 [main] INFO  com.pack.RevHire.config.DBConnection - Successfully established connection to database: jdbc:oracle:thin:@localhost:1521/XEPDB1
2026-02-08 18:04:25 [main] INFO  com.pack.RevHire.config.DBConnection - Successfully established connection to database: jdbc:oracle:thin:@localhost:1521/XEPDB1
2026-02-08 18:04:25 [main] INFO  com.pack.RevHire.config.DBConnection - Successfully established connection to database: jdbc:oracle:thin:@localhost:1521/XEPDB1
2026-02-08 18:04:26 [main] INFO  com.pack.RevHire.config.DBConnection - Successfully established connection to database: jdbc:oracle:thin:@localhost:1521/XEPDB1
2026-02-08 18:04:26 [main] INFO  com.pack.RevHire.config.DBConnection - Successfully established connection to database: jdbc:oracle:thin:@localhost:1521/XEPDB1
2026-02-08 18:04:26 [main] ERROR com.pack.RevHire.config.DBConnection - Match lookup failed
java.sql.SQLSyntaxErrorException: ORA-00942: table or view does not exist

https://docs.oracle.com/error-help/db/ora-00942/
	at oracle.jdbc.driver.T4CTTIoer11.processError(T4CTTIoer11.java:715)
	at oracle.jdbc.driver.T4CTTIoer11.processError(T4CTTIoer11.java:615)
	at oracle.jdbc.driver.T4C8Oall.processError(T4C8Oall.java:1372)
	at oracle.jdbc.driver.T4CTTIfun.receive(T4CTTIfun.java:972)
	at oracle.jdbc.driver.T4CTTIfun.doRPC(T4CTTIfun.java:237)
	at oracle.jdbc.driver.T4C8Oall.doOALL(T4C8Oall.java:524)
	at oracle.jdbc.driver.T4CPreparedStatement.doOall8(T4CPreparedStatement.java:298)
	at oracle.jdbc.driver.T4CPreparedStatement.executeForDescribe(T4CPreparedStatement.java:1257)
	at oracle.jdbc.driver.OracleStatement.prepareDefineBufferAndExecute(OracleStatement.java:1424)
	at oracle.jdbc.driver.OracleStatement.executeMaybeDescribe(OracleStatement.java:1298)
	at oracle.jdbc.driver.OracleStatement.executeSQLSelect(OracleStatement.java:1855)
	at oracle.jdbc.driver.OracleStatement.doExecuteWithTimeout(OracleStatement.java:1631)
	at oracle.jdbc.driver.OraclePreparedStatement.executeInternal(OraclePreparedStatement.java:3973)
	at oracle.jdbc.driver.OraclePreparedStatement.executeQuery(OraclePreparedStatement.java:4160)
	at oracle.jdbc.driver.OraclePreparedStatementWrapper.executeQuery(OraclePreparedStatementWrapper.java:1120)
	at com.pack.RevHire.dao.implementation.NotificationDAOImpl.getMatchingSeekers(NotificationDAOImpl.java:172)
	at com.pack.RevHire.service.JobService.createJob(JobService.java:62)
	at com.pack.RevHire.view.JobView.postJobFlow(JobView.java:63)
	at com.pack.RevHire.view.EmployerView.displayDashboard(EmployerView.java:64)
	at com.pack.RevHire.view.view.displayLoginMenu(view.java:67)
	at com.pack.RevHire.view.Main.start(Main.java:20)
	at com.pack.RevHire.App.main(App.java:26)
Caused by: oracle.jdbc.OracleDatabaseException: ORA-00942: table or view does not exist

	at oracle.jdbc.driver.T4CTTIoer11.processError(T4CTTIoer11.java:723)
	... 21 more
2026-02-08 18:05:38 [main] INFO  com.pack.RevHire.config.DBConnection - Successfully established connection to database: jdbc:oracle:thin:@localhost:1521/XEPDB1
2026-02-08 18:05:42 [main] INFO  com.pack.RevHire.config.DBConnection - Successfully established connection to database: jdbc:oracle:thin:@localhost:1521/XEPDB1
2026-02-08 18:09:45 [main] INFO  com.pack.RevHire.config.DBConnection - Successfully established connection to database: jdbc:oracle:thin:@localhost:1521/XEPDB1
2026-02-08 18:09:49 [main] INFO  com.pack.RevHire.config.DBConnection - Successfully established connection to database: jdbc:oracle:thin:@localhost:1521/XEPDB1
2026-02-08 18:09:49 [main] INFO  com.pack.RevHire.config.DBConnection - Successfully established connection to database: jdbc:oracle:thin:@localhost:1521/XEPDB1
2026-02-08 18:18:48 [main] INFO  com.pack.RevHire.config.DBConnection - Successfully established connection to database: jdbc:oracle:thin:@localhost:1521/XEPDB1
2026-02-08 18:18:50 [main] INFO  com.pack.RevHire.config.DBConnection - Successfully established connection to database: jdbc:oracle:thin:@localhost:1521/XEPDB1
2026-02-08 18:18:50 [main] INFO  com.pack.RevHire.config.DBConnection - Successfully established connection to database: jdbc:oracle:thin:@localhost:1521/XEPDB1
2026-02-08 18:20:08 [main] INFO  com.pack.RevHire.config.DBConnection - Successfully established connection to database: jdbc:oracle:thin:@localhost:1521/XEPDB1
2026-02-08 18:27:22 [main] INFO  com.pack.RevHire.config.DBConnection - Successfully established connection to database: jdbc:oracle:thin:@localhost:1521/XEPDB1
2026-02-08 18:27:22 [main] INFO  com.pack.RevHire.config.DatabaseInitializer - Starting Database check to verify required tables...
2026-02-08 18:27:22 [main] INFO  com.pack.RevHire.config.DatabaseInitializer - Database check complete: All required tables already exist.
2026-02-08 18:27:46 [main] INFO  com.pack.RevHire.config.DBConnection - Successfully established connection to database: jdbc:oracle:thin:@localhost:1521/XEPDB1
2026-02-08 18:27:46 [main] INFO  com.pack.RevHire.config.DatabaseInitializer - Starting Database check to verify required tables...
2026-02-08 18:27:47 [main] INFO  com.pack.RevHire.config.DatabaseInitializer - Database check complete: All required tables already exist.
2026-02-08 18:27:48 [main] INFO  com.pack.RevHire.config.DBConnection - Successfully established connection to database: jdbc:oracle:thin:@localhost:1521/XEPDB1
2026-02-08 18:27:48 [main] INFO  com.pack.RevHire.config.DatabaseInitializer - Starting Database check to verify required tables...
2026-02-08 18:27:48 [main] INFO  com.pack.RevHire.config.DatabaseInitializer - Database check complete: All required tables already exist.
2026-02-08 18:27:59 [main] INFO  com.pack.RevHire.config.DBConnection - Successfully established connection to database: jdbc:oracle:thin:@localhost:1521/XEPDB1
2026-02-08 18:27:59 [main] INFO  com.pack.RevHire.config.DatabaseInitializer - Starting Database check to verify required tables...
2026-02-08 18:27:59 [main] INFO  com.pack.RevHire.config.DatabaseInitializer - Database check complete: All required tables already exist.
2026-02-08 18:28:28 [main] INFO  com.pack.RevHire.config.DBConnection - Successfully established connection to database: jdbc:oracle:thin:@localhost:1521/XEPDB1
2026-02-08 18:29:49 [main] INFO  com.pack.RevHire.config.DBConnection - Successfully established connection to database: jdbc:oracle:thin:@localhost:1521/XEPDB1
2026-02-08 18:29:49 [main] INFO  com.pack.RevHire.config.DatabaseInitializer - Starting Database check to verify required tables...
2026-02-08 18:29:49 [main] INFO  com.pack.RevHire.config.DatabaseInitializer - Database check complete: All required tables already exist.
2026-02-08 18:29:50 [main] INFO  com.pack.RevHire.config.DBConnection - Successfully established connection to database: jdbc:oracle:thin:@localhost:1521/XEPDB1
2026-02-08 18:29:50 [main] INFO  com.pack.RevHire.config.DatabaseInitializer - Starting Database check to verify required tables...
2026-02-08 18:29:50 [main] INFO  com.pack.RevHire.config.DatabaseInitializer - Database check complete: All required tables already exist.
2026-02-08 18:29:58 [main] INFO  com.pack.RevHire.config.DBConnection - Successfully established connection to database: jdbc:oracle:thin:@localhost:1521/XEPDB1
2026-02-08 18:29:58 [main] INFO  com.pack.RevHire.config.DatabaseInitializer - Starting Database check to verify required tables...
2026-02-08 18:29:59 [main] INFO  com.pack.RevHire.config.DatabaseInitializer - Database check complete: All required tables already exist.
2026-02-08 18:30:08 [main] INFO  com.pack.RevHire.config.DBConnection - Successfully established connection to database: jdbc:oracle:thin:@localhost:1521/XEPDB1
2026-02-08 18:30:57 [main] INFO  com.pack.RevHire.config.DBConnection - Successfully established connection to database: jdbc:oracle:thin:@localhost:1521/XEPDB1
2026-02-08 18:31:06 [main] INFO  com.pack.RevHire.config.DBConnection - Successfully established connection to database: jdbc:oracle:thin:@localhost:1521/XEPDB1
2026-02-08 18:31:17 [main] INFO  com.pack.RevHire.config.DBConnection - Successfully established connection to database: jdbc:oracle:thin:@localhost:1521/XEPDB1
2026-02-08 18:31:23 [main] INFO  com.pack.RevHire.config.DBConnection - Successfully established connection to database: jdbc:oracle:thin:@localhost:1521/XEPDB1
2026-02-08 18:31:23 [main] INFO  com.pack.RevHire.config.DBConnection - Successfully established connection to database: jdbc:oracle:thin:@localhost:1521/XEPDB1
2026-02-08 18:31:24 [main] INFO  com.pack.RevHire.config.DBConnection - Successfully established connection to database: jdbc:oracle:thin:@localhost:1521/XEPDB1
2026-02-08 18:31:24 [main] INFO  com.pack.RevHire.config.DBConnection - Successfully established connection to database: jdbc:oracle:thin:@localhost:1521/XEPDB1
2026-02-08 18:31:24 [main] INFO  com.pack.RevHire.config.DBConnection - Successfully established connection to database: jdbc:oracle:thin:@localhost:1521/XEPDB1
2026-02-08 18:31:24 [main] INFO  com.pack.RevHire.config.DBConnection - Successfully established connection to database: jdbc:oracle:thin:@localhost:1521/XEPDB1
2026-02-08 18:31:24 [main] INFO  com.pack.RevHire.config.DBConnection - Successfully established connection to database: jdbc:oracle:thin:@localhost:1521/XEPDB1
2026-02-08 18:31:55 [main] INFO  com.pack.RevHire.config.DBConnection - Successfully established connection to database: jdbc:oracle:thin:@localhost:1521/XEPDB1
2026-02-08 18:31:57 [main] INFO  com.pack.RevHire.config.DBConnection - Successfully established connection to database: jdbc:oracle:thin:@localhost:1521/XEPDB1
2026-02-08 18:32:23 [main] INFO  com.pack.RevHire.config.DBConnection - Successfully established connection to database: jdbc:oracle:thin:@localhost:1521/XEPDB1
2026-02-08 18:32:23 [main] INFO  com.pack.RevHire.config.DBConnection - Successfully established connection to database: jdbc:oracle:thin:@localhost:1521/XEPDB1
2026-02-08 18:32:23 [main] INFO  com.pack.RevHire.config.DBConnection - Successfully established connection to database: jdbc:oracle:thin:@localhost:1521/XEPDB1
2026-02-08 18:32:23 [main] INFO  com.pack.RevHire.config.DBConnection - Successfully established connection to database: jdbc:oracle:thin:@localhost:1521/XEPDB1
2026-02-08 18:32:23 [main] INFO  com.pack.RevHire.config.DBConnection - Successfully established connection to database: jdbc:oracle:thin:@localhost:1521/XEPDB1
2026-02-08 18:32:23 [main] INFO  com.pack.RevHire.config.DBConnection - Successfully established connection to database: jdbc:oracle:thin:@localhost:1521/XEPDB1
2026-02-08 18:32:23 [main] INFO  com.pack.RevHire.config.DBConnection - Successfully established connection to database: jdbc:oracle:thin:@localhost:1521/XEPDB1
2026-02-08 18:32:23 [main] INFO  com.pack.RevHire.config.DBConnection - Successfully established connection to database: jdbc:oracle:thin:@localhost:1521/XEPDB1
2026-02-08 18:32:23 [main] INFO  com.pack.RevHire.config.DBConnection - Successfully established connection to database: jdbc:oracle:thin:@localhost:1521/XEPDB1
2026-02-08 18:32:23 [main] INFO  com.pack.RevHire.config.DBConnection - Successfully established connection to database: jdbc:oracle:thin:@localhost:1521/XEPDB1
2026-02-08 18:32:23 [main] INFO  com.pack.RevHire.config.DBConnection - Successfully established connection to database: jdbc:oracle:thin:@localhost:1521/XEPDB1
2026-02-08 18:32:23 [main] INFO  com.pack.RevHire.config.DBConnection - Successfully established connection to database: jdbc:oracle:thin:@localhost:1521/XEPDB1
2026-02-08 18:32:23 [main] INFO  com.pack.RevHire.config.DBConnection - Successfully established connection to database: jdbc:oracle:thin:@localhost:1521/XEPDB1
2026-02-08 18:32:23 [main] INFO  com.pack.RevHire.config.DBConnection - Successfully established connection to database: jdbc:oracle:thin:@localhost:1521/XEPDB1
2026-02-08 18:32:23 [main] INFO  com.pack.RevHire.config.DBConnection - Successfully established connection to database: jdbc:oracle:thin:@localhost:1521/XEPDB1
2026-02-08 18:32:23 [main] INFO  com.pack.RevHire.config.DBConnection - Successfully established connection to database: jdbc:oracle:thin:@localhost:1521/XEPDB1
2026-02-08 18:32:24 [main] INFO  com.pack.RevHire.config.DBConnection - Successfully established connection to database: jdbc:oracle:thin:@localhost:1521/XEPDB1
2026-02-08 18:33:01 [main] INFO  com.pack.RevHire.config.DBConnection - Successfully established connection to database: jdbc:oracle:thin:@localhost:1521/XEPDB1
2026-02-08 18:33:01 [main] INFO  com.pack.RevHire.config.DBConnection - Successfully established connection to database: jdbc:oracle:thin:@localhost:1521/XEPDB1
2026-02-08 18:33:01 [main] INFO  com.pack.RevHire.config.DBConnection - Successfully established connection to database: jdbc:oracle:thin:@localhost:1521/XEPDB1
2026-02-08 18:33:05 [main] INFO  com.pack.RevHire.config.DBConnection - Successfully established connection to database: jdbc:oracle:thin:@localhost:1521/XEPDB1
2026-02-08 18:33:05 [main] INFO  com.pack.RevHire.config.DBConnection - Successfully established connection to database: jdbc:oracle:thin:@localhost:1521/XEPDB1
2026-02-08 18:33:05 [main] INFO  com.pack.RevHire.config.DBConnection - Successfully established connection to database: jdbc:oracle:thin:@localhost:1521/XEPDB1
2026-02-08 18:33:05 [main] INFO  com.pack.RevHire.config.DBConnection - Successfully established connection to database: jdbc:oracle:thin:@localhost:1521/XEPDB1
2026-02-08 18:33:05 [main] INFO  com.pack.RevHire.config.DBConnection - Employer 4 notified for Job 64
2026-02-08 18:33:27 [main] INFO  com.pack.RevHire.config.DBConnection - Successfully established connection to database: jdbc:oracle:thin:@localhost:1521/XEPDB1
2026-02-08 18:33:29 [main] INFO  com.pack.RevHire.config.DBConnection - Successfully established connection to database: jdbc:oracle:thin:@localhost:1521/XEPDB1
2026-02-08 18:33:39 [main] INFO  com.pack.RevHire.config.DBConnection - Successfully established connection to database: jdbc:oracle:thin:@localhost:1521/XEPDB1
2026-02-08 18:33:39 [main] INFO  com.pack.RevHire.config.DBConnection - Successfully established connection to database: jdbc:oracle:thin:@localhost:1521/XEPDB1
2026-02-08 18:33:45 [main] INFO  com.pack.RevHire.config.DBConnection - Successfully established connection to database: jdbc:oracle:thin:@localhost:1521/XEPDB1
2026-02-08 18:33:45 [main] INFO  com.pack.RevHire.config.DBConnection - Successfully established connection to database: jdbc:oracle:thin:@localhost:1521/XEPDB1
2026-02-08 18:33:57 [main] INFO  com.pack.RevHire.config.DBConnection - Successfully established connection to database: jdbc:oracle:thin:@localhost:1521/XEPDB1
2026-02-08 18:34:02 [main] INFO  com.pack.RevHire.config.DBConnection - Successfully established connection to database: jdbc:oracle:thin:@localhost:1521/XEPDB1
2026-02-08 18:34:28 [main] INFO  com.pack.RevHire.config.DBConnection - Successfully established connection to database: jdbc:oracle:thin:@localhost:1521/XEPDB1
2026-02-08 18:34:28 [main] INFO  com.pack.RevHire.config.DBConnection - Successfully established connection to database: jdbc:oracle:thin:@localhost:1521/XEPDB1
2026-02-08 18:34:28 [main] INFO  com.pack.RevHire.config.DBConnection - Successfully established connection to database: jdbc:oracle:thin:@localhost:1521/XEPDB1
2026-02-08 18:34:35 [main] INFO  com.pack.RevHire.config.DBConnection - Successfully established connection to database: jdbc:oracle:thin:@localhost:1521/XEPDB1
2026-02-08 18:34:41 [main] INFO  com.pack.RevHire.config.DBConnection - Successfully established connection to database: jdbc:oracle:thin:@localhost:1521/XEPDB1
2026-02-08 18:34:44 [main] INFO  com.pack.RevHire.config.DBConnection - Successfully established connection to database: jdbc:oracle:thin:@localhost:1521/XEPDB1
2026-02-08 18:34:51 [main] INFO  com.pack.RevHire.config.DBConnection - Successfully established connection to database: jdbc:oracle:thin:@localhost:1521/XEPDB1
2026-02-08 18:34:53 [main] INFO  com.pack.RevHire.config.DBConnection - Successfully established connection to database: jdbc:oracle:thin:@localhost:1521/XEPDB1
2026-02-08 18:35:02 [main] INFO  com.pack.RevHire.config.DBConnection - Successfully established connection to database: jdbc:oracle:thin:@localhost:1521/XEPDB1
2026-02-08 18:35:02 [main] INFO  com.pack.RevHire.config.DBConnection - Successfully established connection to database: jdbc:oracle:thin:@localhost:1521/XEPDB1
2026-02-08 18:35:02 [main] INFO  com.pack.RevHire.config.DBConnection - Successfully established connection to database: jdbc:oracle:thin:@localhost:1521/XEPDB1
2026-02-08 18:35:19 [main] INFO  com.pack.RevHire.config.DBConnection - Successfully established connection to database: jdbc:oracle:thin:@localhost:1521/XEPDB1
2026-02-08 18:35:21 [main] INFO  com.pack.RevHire.config.DBConnection - Successfully established connection to database: jdbc:oracle:thin:@localhost:1521/XEPDB1
2026-02-08 18:36:09 [main] INFO  com.pack.RevHire.config.DBConnection - Successfully established connection to database: jdbc:oracle:thin:@localhost:1521/XEPDB1
2026-02-08 18:36:27 [main] INFO  com.pack.RevHire.config.DBConnection - Successfully established connection to database: jdbc:oracle:thin:@localhost:1521/XEPDB1
2026-02-08 18:36:41 [main] INFO  com.pack.RevHire.config.DBConnection - Successfully established connection to database: jdbc:oracle:thin:@localhost:1521/XEPDB1
2026-02-08 18:36:41 [main] INFO  com.pack.RevHire.config.DatabaseInitializer - Starting Database check to verify required tables...
2026-02-08 18:36:41 [main] INFO  com.pack.RevHire.config.DatabaseInitializer - Database check complete: All required tables already exist.
2026-02-08 18:36:52 [main] INFO  com.pack.RevHire.config.DBConnection - Successfully established connection to database: jdbc:oracle:thin:@localhost:1521/XEPDB1
2026-02-08 18:36:57 [main] INFO  com.pack.RevHire.config.DBConnection - Successfully established connection to database: jdbc:oracle:thin:@localhost:1521/XEPDB1
2026-02-08 18:37:35 [main] INFO  com.pack.RevHire.config.DBConnection - Successfully established connection to database: jdbc:oracle:thin:@localhost:1521/XEPDB1
2026-02-08 18:37:46 [main] INFO  com.pack.RevHire.config.DBConnection - Successfully established connection to database: jdbc:oracle:thin:@localhost:1521/XEPDB1
2026-02-08 19:28:17 [main] INFO  com.pack.RevHire.config.DBConnection - Successfully established connection to database: jdbc:oracle:thin:@localhost:1521/XEPDB1
2026-02-08 19:56:17 [main] INFO  com.pack.RevHire.config.DBConnection - Successfully established connection to database: jdbc:oracle:thin:@localhost:1521/XEPDB1
2026-02-08 19:56:17 [main] INFO  com.pack.RevHire.config.DatabaseInitializer - Starting Database check to verify required tables...
2026-02-08 19:56:18 [main] INFO  com.pack.RevHire.config.DatabaseInitializer - Database check complete: All required tables already exist.
2026-02-08 19:56:26 [main] INFO  com.pack.RevHire.config.DBConnection - Successfully established connection to database: jdbc:oracle:thin:@localhost:1521/XEPDB1
2026-02-08 19:56:36 [main] INFO  com.pack.RevHire.config.DBConnection - Successfully established connection to database: jdbc:oracle:thin:@localhost:1521/XEPDB1
2026-02-08 19:56:36 [main] INFO  com.pack.RevHire.config.DBConnection - Successfully established connection to database: jdbc:oracle:thin:@localhost:1521/XEPDB1
2026-02-08 19:56:36 [main] INFO  com.pack.RevHire.config.DBConnection - Successfully established connection to database: jdbc:oracle:thin:@localhost:1521/XEPDB1
2026-02-08 19:56:36 [main] INFO  com.pack.RevHire.config.DBConnection - Successfully established connection to database: jdbc:oracle:thin:@localhost:1521/XEPDB1
2026-02-08 19:56:36 [main] INFO  com.pack.RevHire.config.DBConnection - Successfully established connection to database: jdbc:oracle:thin:@localhost:1521/XEPDB1
2026-02-08 19:56:36 [main] INFO  com.pack.RevHire.config.DBConnection - Successfully established connection to database: jdbc:oracle:thin:@localhost:1521/XEPDB1
2026-02-08 19:56:37 [main] INFO  com.pack.RevHire.config.DBConnection - Successfully established connection to database: jdbc:oracle:thin:@localhost:1521/XEPDB1
2026-02-08 19:56:37 [main] INFO  com.pack.RevHire.config.DBConnection - Successfully established connection to database: jdbc:oracle:thin:@localhost:1521/XEPDB1
2026-02-08 19:56:37 [main] INFO  com.pack.RevHire.config.DBConnection - Successfully established connection to database: jdbc:oracle:thin:@localhost:1521/XEPDB1
2026-02-08 19:56:37 [main] INFO  com.pack.RevHire.config.DBConnection - Successfully established connection to database: jdbc:oracle:thin:@localhost:1521/XEPDB1
2026-02-08 19:56:37 [main] INFO  com.pack.RevHire.config.DBConnection - Successfully established connection to database: jdbc:oracle:thin:@localhost:1521/XEPDB1
2026-02-08 19:56:37 [main] INFO  com.pack.RevHire.config.DBConnection - Successfully established connection to database: jdbc:oracle:thin:@localhost:1521/XEPDB1
2026-02-08 19:56:37 [main] INFO  com.pack.RevHire.config.DBConnection - Successfully established connection to database: jdbc:oracle:thin:@localhost:1521/XEPDB1
2026-02-08 19:56:37 [main] INFO  com.pack.RevHire.config.DBConnection - Successfully established connection to database: jdbc:oracle:thin:@localhost:1521/XEPDB1
2026-02-08 19:56:37 [main] INFO  com.pack.RevHire.config.DBConnection - Successfully established connection to database: jdbc:oracle:thin:@localhost:1521/XEPDB1
2026-02-08 19:56:37 [main] INFO  com.pack.RevHire.config.DBConnection - Successfully established connection to database: jdbc:oracle:thin:@localhost:1521/XEPDB1
2026-02-08 19:56:37 [main] INFO  com.pack.RevHire.config.DBConnection - Successfully established connection to database: jdbc:oracle:thin:@localhost:1521/XEPDB1
2026-02-08 19:57:16 [main] INFO  com.pack.RevHire.config.DBConnection - Successfully established connection to database: jdbc:oracle:thin:@localhost:1521/XEPDB1
2026-02-08 19:57:16 [main] INFO  com.pack.RevHire.config.DBConnection - Successfully established connection to database: jdbc:oracle:thin:@localhost:1521/XEPDB1
2026-02-08 19:57:16 [main] INFO  com.pack.RevHire.config.DBConnection - Successfully established connection to database: jdbc:oracle:thin:@localhost:1521/XEPDB1
2026-02-08 19:57:16 [main] INFO  com.pack.RevHire.config.DBConnection - Successfully established connection to database: jdbc:oracle:thin:@localhost:1521/XEPDB1
2026-02-08 19:57:16 [main] INFO  com.pack.RevHire.config.DBConnection - Successfully established connection to database: jdbc:oracle:thin:@localhost:1521/XEPDB1
2026-02-08 19:57:16 [main] INFO  com.pack.RevHire.config.DBConnection - Successfully established connection to database: jdbc:oracle:thin:@localhost:1521/XEPDB1
2026-02-08 19:57:16 [main] INFO  com.pack.RevHire.config.DBConnection - Successfully established connection to database: jdbc:oracle:thin:@localhost:1521/XEPDB1
2026-02-08 19:57:16 [main] INFO  com.pack.RevHire.config.DBConnection - Successfully established connection to database: jdbc:oracle:thin:@localhost:1521/XEPDB1
2026-02-08 19:57:16 [main] INFO  com.pack.RevHire.config.DBConnection - Successfully established connection to database: jdbc:oracle:thin:@localhost:1521/XEPDB1
2026-02-08 19:57:16 [main] INFO  com.pack.RevHire.config.DBConnection - Successfully established connection to database: jdbc:oracle:thin:@localhost:1521/XEPDB1
2026-02-08 19:57:16 [main] INFO  com.pack.RevHire.config.DBConnection - Successfully established connection to database: jdbc:oracle:thin:@localhost:1521/XEPDB1
2026-02-08 19:57:16 [main] INFO  com.pack.RevHire.config.DBConnection - Successfully established connection to database: jdbc:oracle:thin:@localhost:1521/XEPDB1
2026-02-08 19:57:16 [main] INFO  com.pack.RevHire.config.DBConnection - Successfully established connection to database: jdbc:oracle:thin:@localhost:1521/XEPDB1
2026-02-08 19:57:16 [main] INFO  com.pack.RevHire.config.DBConnection - Successfully established connection to database: jdbc:oracle:thin:@localhost:1521/XEPDB1
2026-02-08 19:57:16 [main] INFO  com.pack.RevHire.config.DBConnection - Successfully established connection to database: jdbc:oracle:thin:@localhost:1521/XEPDB1
2026-02-08 19:57:16 [main] INFO  com.pack.RevHire.config.DBConnection - Successfully established connection to database: jdbc:oracle:thin:@localhost:1521/XEPDB1
2026-02-08 19:57:17 [main] INFO  com.pack.RevHire.config.DBConnection - Successfully established connection to database: jdbc:oracle:thin:@localhost:1521/XEPDB1
2026-02-08 19:57:22 [main] INFO  com.pack.RevHire.config.DBConnection - Successfully established connection to database: jdbc:oracle:thin:@localhost:1521/XEPDB1
2026-02-08 19:57:22 [main] INFO  com.pack.RevHire.config.DBConnection - Successfully established connection to database: jdbc:oracle:thin:@localhost:1521/XEPDB1
2026-02-08 19:57:29 [main] INFO  com.pack.RevHire.config.DBConnection - Successfully established connection to database: jdbc:oracle:thin:@localhost:1521/XEPDB1
2026-02-08 19:57:34 [main] INFO  com.pack.RevHire.config.DBConnection - Successfully established connection to database: jdbc:oracle:thin:@localhost:1521/XEPDB1
2026-02-08 19:57:34 [main] INFO  com.pack.RevHire.config.DBConnection - Successfully established connection to database: jdbc:oracle:thin:@localhost:1521/XEPDB1
2026-02-08 19:57:34 [main] INFO  com.pack.RevHire.config.DBConnection - Successfully established connection to database: jdbc:oracle:thin:@localhost:1521/XEPDB1
2026-02-08 19:58:06 [main] INFO  com.pack.RevHire.config.DBConnection - Successfully established connection to database: jdbc:oracle:thin:@localhost:1521/XEPDB1
2026-02-08 19:58:06 [main] INFO  com.pack.RevHire.config.DBConnection - Successfully established connection to database: jdbc:oracle:thin:@localhost:1521/XEPDB1
2026-02-08 19:58:06 [main] INFO  com.pack.RevHire.config.DBConnection - Successfully established connection to database: jdbc:oracle:thin:@localhost:1521/XEPDB1
2026-02-08 19:58:06 [main] INFO  com.pack.RevHire.config.DBConnection - Successfully established connection to database: jdbc:oracle:thin:@localhost:1521/XEPDB1
2026-02-08 19:58:06 [main] INFO  com.pack.RevHire.config.DBConnection - Successfully established connection to database: jdbc:oracle:thin:@localhost:1521/XEPDB1
2026-02-08 19:58:14 [main] INFO  com.pack.RevHire.config.DBConnection - Successfully established connection to database: jdbc:oracle:thin:@localhost:1521/XEPDB1
2026-02-08 19:58:14 [main] INFO  com.pack.RevHire.config.DBConnection - Successfully established connection to database: jdbc:oracle:thin:@localhost:1521/XEPDB1
2026-02-08 19:58:14 [main] INFO  com.pack.RevHire.config.DBConnection - Successfully established connection to database: jdbc:oracle:thin:@localhost:1521/XEPDB1
2026-02-08 20:13:13 [main] INFO  com.pack.RevHire.config.DBConnection - Successfully established connection to database: jdbc:oracle:thin:@localhost:1521/XEPDB1
2026-02-08 20:13:13 [main] INFO  com.pack.RevHire.config.DatabaseInitializer - Starting Database check to verify required tables...
2026-02-08 20:13:14 [main] INFO  com.pack.RevHire.config.DatabaseInitializer - Database check complete: All required tables already exist.
2026-02-08 20:13:21 [main] INFO  com.pack.RevHire.config.DBConnection - Successfully established connection to database: jdbc:oracle:thin:@localhost:1521/XEPDB1
2026-02-08 20:13:30 [main] INFO  com.pack.RevHire.config.DBConnection - Successfully established connection to database: jdbc:oracle:thin:@localhost:1521/XEPDB1
2026-02-08 20:13:30 [main] INFO  com.pack.RevHire.config.DBConnection - Successfully established connection to database: jdbc:oracle:thin:@localhost:1521/XEPDB1
2026-02-08 20:13:30 [main] INFO  com.pack.RevHire.config.DBConnection - Successfully established connection to database: jdbc:oracle:thin:@localhost:1521/XEPDB1
2026-02-08 20:13:30 [main] INFO  com.pack.RevHire.config.DBConnection - Successfully established connection to database: jdbc:oracle:thin:@localhost:1521/XEPDB1
2026-02-08 20:13:30 [main] INFO  com.pack.RevHire.config.DBConnection - Successfully established connection to database: jdbc:oracle:thin:@localhost:1521/XEPDB1
2026-02-08 20:13:30 [main] INFO  com.pack.RevHire.config.DBConnection - Successfully established connection to database: jdbc:oracle:thin:@localhost:1521/XEPDB1
2026-02-08 20:13:30 [main] INFO  com.pack.RevHire.config.DBConnection - Successfully established connection to database: jdbc:oracle:thin:@localhost:1521/XEPDB1
2026-02-08 20:13:30 [main] INFO  com.pack.RevHire.config.DBConnection - Successfully established connection to database: jdbc:oracle:thin:@localhost:1521/XEPDB1
2026-02-08 20:13:30 [main] INFO  com.pack.RevHire.config.DBConnection - Successfully established connection to database: jdbc:oracle:thin:@localhost:1521/XEPDB1
2026-02-08 20:13:30 [main] INFO  com.pack.RevHire.config.DBConnection - Successfully established connection to database: jdbc:oracle:thin:@localhost:1521/XEPDB1
2026-02-08 20:13:30 [main] INFO  com.pack.RevHire.config.DBConnection - Successfully established connection to database: jdbc:oracle:thin:@localhost:1521/XEPDB1
2026-02-08 20:13:30 [main] INFO  com.pack.RevHire.config.DBConnection - Successfully established connection to database: jdbc:oracle:thin:@localhost:1521/XEPDB1
2026-02-08 20:13:31 [main] INFO  com.pack.RevHire.config.DBConnection - Successfully established connection to database: jdbc:oracle:thin:@localhost:1521/XEPDB1
2026-02-08 20:13:31 [main] INFO  com.pack.RevHire.config.DBConnection - Successfully established connection to database: jdbc:oracle:thin:@localhost:1521/XEPDB1
2026-02-08 20:13:31 [main] INFO  com.pack.RevHire.config.DBConnection - Successfully established connection to database: jdbc:oracle:thin:@localhost:1521/XEPDB1
2026-02-08 20:13:31 [main] INFO  com.pack.RevHire.config.DBConnection - Successfully established connection to database: jdbc:oracle:thin:@localhost:1521/XEPDB1
2026-02-08 20:13:31 [main] INFO  com.pack.RevHire.config.DBConnection - Successfully established connection to database: jdbc:oracle:thin:@localhost:1521/XEPDB1
2026-02-08 20:13:34 [main] INFO  com.pack.RevHire.config.DBConnection - Successfully established connection to database: jdbc:oracle:thin:@localhost:1521/XEPDB1
2026-02-08 20:13:34 [main] INFO  com.pack.RevHire.config.DBConnection - Successfully established connection to database: jdbc:oracle:thin:@localhost:1521/XEPDB1
2026-02-08 20:13:34 [main] INFO  com.pack.RevHire.config.DBConnection - Successfully established connection to database: jdbc:oracle:thin:@localhost:1521/XEPDB1
2026-02-08 20:13:46 [main] INFO  com.pack.RevHire.config.DBConnection - Successfully established connection to database: jdbc:oracle:thin:@localhost:1521/XEPDB1
2026-02-08 20:13:46 [main] INFO  com.pack.RevHire.config.DatabaseInitializer - Starting Database check to verify required tables...
2026-02-08 20:13:46 [main] INFO  com.pack.RevHire.config.DatabaseInitializer - Database check complete: All required tables already exist.
2026-02-08 20:14:01 [main] INFO  com.pack.RevHire.config.DBConnection - Successfully established connection to database: jdbc:oracle:thin:@localhost:1521/XEPDB1
2026-02-08 20:14:06 [main] INFO  com.pack.RevHire.config.DBConnection - Successfully established connection to database: jdbc:oracle:thin:@localhost:1521/XEPDB1
2026-02-08 20:14:06 [main] INFO  com.pack.RevHire.config.DBConnection - Successfully established connection to database: jdbc:oracle:thin:@localhost:1521/XEPDB1
2026-02-08 20:14:06 [main] INFO  com.pack.RevHire.config.DBConnection - Successfully established connection to database: jdbc:oracle:thin:@localhost:1521/XEPDB1
2026-02-08 20:14:06 [main] INFO  com.pack.RevHire.config.DBConnection - Successfully established connection to database: jdbc:oracle:thin:@localhost:1521/XEPDB1
2026-02-08 20:14:06 [main] INFO  com.pack.RevHire.config.DBConnection - Successfully established connection to database: jdbc:oracle:thin:@localhost:1521/XEPDB1
2026-02-08 20:14:06 [main] INFO  com.pack.RevHire.config.DBConnection - Successfully established connection to database: jdbc:oracle:thin:@localhost:1521/XEPDB1
2026-02-08 20:14:06 [main] INFO  com.pack.RevHire.config.DBConnection - Successfully established connection to database: jdbc:oracle:thin:@localhost:1521/XEPDB1
2026-02-08 20:14:06 [main] INFO  com.pack.RevHire.config.DBConnection - Successfully established connection to database: jdbc:oracle:thin:@localhost:1521/XEPDB1
2026-02-08 20:14:06 [main] INFO  com.pack.RevHire.config.DBConnection - Successfully established connection to database: jdbc:oracle:thin:@localhost:1521/XEPDB1
2026-02-08 20:14:06 [main] INFO  com.pack.RevHire.config.DBConnection - Successfully established connection to database: jdbc:oracle:thin:@localhost:1521/XEPDB1
2026-02-08 20:14:07 [main] INFO  com.pack.RevHire.config.DBConnection - Successfully established connection to database: jdbc:oracle:thin:@localhost:1521/XEPDB1
2026-02-08 20:14:07 [main] INFO  com.pack.RevHire.config.DBConnection - Successfully established connection to database: jdbc:oracle:thin:@localhost:1521/XEPDB1
2026-02-08 20:14:07 [main] INFO  com.pack.RevHire.config.DBConnection - Successfully established connection to database: jdbc:oracle:thin:@localhost:1521/XEPDB1
2026-02-08 20:14:07 [main] INFO  com.pack.RevHire.config.DBConnection - Successfully established connection to database: jdbc:oracle:thin:@localhost:1521/XEPDB1
2026-02-08 20:14:07 [main] INFO  com.pack.RevHire.config.DBConnection - Successfully established connection to database: jdbc:oracle:thin:@localhost:1521/XEPDB1
2026-02-08 20:14:07 [main] INFO  com.pack.RevHire.config.DBConnection - Successfully established connection to database: jdbc:oracle:thin:@localhost:1521/XEPDB1
2026-02-08 20:14:07 [main] INFO  com.pack.RevHire.config.DBConnection - Successfully established connection to database: jdbc:oracle:thin:@localhost:1521/XEPDB1
2026-02-08 20:14:09 [main] INFO  com.pack.RevHire.config.DBConnection - Successfully established connection to database: jdbc:oracle:thin:@localhost:1521/XEPDB1
2026-02-08 20:14:09 [main] INFO  com.pack.RevHire.config.DBConnection - Successfully established connection to database: jdbc:oracle:thin:@localhost:1521/XEPDB1
2026-02-08 20:14:09 [main] INFO  com.pack.RevHire.config.DBConnection - Successfully established connection to database: jdbc:oracle:thin:@localhost:1521/XEPDB1
2026-02-08 20:15:18 [main] INFO  com.pack.RevHire.config.DBConnection - Successfully established connection to database: jdbc:oracle:thin:@localhost:1521/XEPDB1
2026-02-08 20:15:18 [main] INFO  com.pack.RevHire.config.DatabaseInitializer - Starting Database check to verify required tables...
2026-02-08 20:15:18 [main] INFO  com.pack.RevHire.config.DatabaseInitializer - Database check complete: All required tables already exist.
2026-02-08 20:15:25 [main] INFO  com.pack.RevHire.config.DBConnection - Successfully established connection to database: jdbc:oracle:thin:@localhost:1521/XEPDB1
2026-02-08 20:15:28 [main] INFO  com.pack.RevHire.config.DBConnection - Successfully established connection to database: jdbc:oracle:thin:@localhost:1521/XEPDB1
2026-02-08 20:15:28 [main] INFO  com.pack.RevHire.config.DBConnection - Successfully established connection to database: jdbc:oracle:thin:@localhost:1521/XEPDB1
2026-02-08 20:15:28 [main] INFO  com.pack.RevHire.config.DBConnection - Successfully established connection to database: jdbc:oracle:thin:@localhost:1521/XEPDB1
2026-02-08 20:15:28 [main] INFO  com.pack.RevHire.config.DBConnection - Successfully established connection to database: jdbc:oracle:thin:@localhost:1521/XEPDB1
2026-02-08 20:15:28 [main] INFO  com.pack.RevHire.config.DBConnection - Successfully established connection to database: jdbc:oracle:thin:@localhost:1521/XEPDB1
2026-02-08 20:15:28 [main] INFO  com.pack.RevHire.config.DBConnection - Successfully established connection to database: jdbc:oracle:thin:@localhost:1521/XEPDB1
2026-02-08 20:15:29 [main] INFO  com.pack.RevHire.config.DBConnection - Successfully established connection to database: jdbc:oracle:thin:@localhost:1521/XEPDB1
2026-02-08 20:15:29 [main] INFO  com.pack.RevHire.config.DBConnection - Successfully established connection to database: jdbc:oracle:thin:@localhost:1521/XEPDB1
2026-02-08 20:15:29 [main] INFO  com.pack.RevHire.config.DBConnection - Successfully established connection to database: jdbc:oracle:thin:@localhost:1521/XEPDB1
2026-02-08 20:15:29 [main] INFO  com.pack.RevHire.config.DBConnection - Successfully established connection to database: jdbc:oracle:thin:@localhost:1521/XEPDB1
2026-02-08 20:15:29 [main] INFO  com.pack.RevHire.config.DBConnection - Successfully established connection to database: jdbc:oracle:thin:@localhost:1521/XEPDB1
2026-02-08 20:15:29 [main] INFO  com.pack.RevHire.config.DBConnection - Successfully established connection to database: jdbc:oracle:thin:@localhost:1521/XEPDB1
2026-02-08 20:15:29 [main] INFO  com.pack.RevHire.config.DBConnection - Successfully established connection to database: jdbc:oracle:thin:@localhost:1521/XEPDB1
2026-02-08 20:15:29 [main] INFO  com.pack.RevHire.config.DBConnection - Successfully established connection to database: jdbc:oracle:thin:@localhost:1521/XEPDB1
2026-02-08 20:15:29 [main] INFO  com.pack.RevHire.config.DBConnection - Successfully established connection to database: jdbc:oracle:thin:@localhost:1521/XEPDB1
2026-02-08 20:15:29 [main] INFO  com.pack.RevHire.config.DBConnection - Successfully established connection to database: jdbc:oracle:thin:@localhost:1521/XEPDB1
2026-02-08 20:15:29 [main] INFO  com.pack.RevHire.config.DBConnection - Successfully established connection to database: jdbc:oracle:thin:@localhost:1521/XEPDB1
2026-02-08 20:15:32 [main] INFO  com.pack.RevHire.config.DBConnection - Successfully established connection to database: jdbc:oracle:thin:@localhost:1521/XEPDB1
2026-02-08 20:15:33 [main] INFO  com.pack.RevHire.config.DBConnection - Successfully established connection to database: jdbc:oracle:thin:@localhost:1521/XEPDB1
2026-02-08 20:15:33 [main] INFO  com.pack.RevHire.config.DBConnection - Successfully established connection to database: jdbc:oracle:thin:@localhost:1521/XEPDB1
2026-02-08 20:16:05 [main] INFO  com.pack.RevHire.config.DBConnection - Successfully established connection to database: jdbc:oracle:thin:@localhost:1521/XEPDB1
2026-02-08 20:16:05 [main] INFO  com.pack.RevHire.config.DBConnection - Successfully established connection to database: jdbc:oracle:thin:@localhost:1521/XEPDB1
2026-02-08 20:16:05 [main] INFO  com.pack.RevHire.config.DBConnection - Successfully established connection to database: jdbc:oracle:thin:@localhost:1521/XEPDB1
2026-02-08 20:16:05 [main] INFO  com.pack.RevHire.config.DBConnection - Successfully established connection to database: jdbc:oracle:thin:@localhost:1521/XEPDB1
2026-02-08 20:16:06 [main] INFO  com.pack.RevHire.config.DBConnection - Successfully established connection to database: jdbc:oracle:thin:@localhost:1521/XEPDB1
2026-02-08 20:16:06 [main] INFO  com.pack.RevHire.config.DBConnection - Successfully established connection to database: jdbc:oracle:thin:@localhost:1521/XEPDB1
2026-02-08 20:16:06 [main] INFO  com.pack.RevHire.config.DBConnection - Successfully established connection to database: jdbc:oracle:thin:@localhost:1521/XEPDB1
2026-02-08 20:16:06 [main] INFO  com.pack.RevHire.config.DBConnection - Successfully established connection to database: jdbc:oracle:thin:@localhost:1521/XEPDB1
2026-02-08 20:16:06 [main] INFO  com.pack.RevHire.config.DBConnection - Successfully established connection to database: jdbc:oracle:thin:@localhost:1521/XEPDB1
2026-02-08 20:16:17 [main] INFO  com.pack.RevHire.config.DBConnection - Successfully established connection to database: jdbc:oracle:thin:@localhost:1521/XEPDB1
2026-02-08 20:16:17 [main] INFO  com.pack.RevHire.config.DBConnection - Successfully established connection to database: jdbc:oracle:thin:@localhost:1521/XEPDB1
2026-02-08 20:16:17 [main] INFO  com.pack.RevHire.config.DBConnection - Successfully established connection to database: jdbc:oracle:thin:@localhost:1521/XEPDB1
2026-02-08 20:16:17 [main] INFO  com.pack.RevHire.config.DBConnection - Successfully established connection to database: jdbc:oracle:thin:@localhost:1521/XEPDB1
2026-02-08 20:16:17 [main] INFO  com.pack.RevHire.config.DBConnection - Successfully established connection to database: jdbc:oracle:thin:@localhost:1521/XEPDB1
2026-02-08 20:16:17 [main] INFO  com.pack.RevHire.config.DBConnection - Successfully established connection to database: jdbc:oracle:thin:@localhost:1521/XEPDB1
2026-02-08 20:16:33 [main] INFO  com.pack.RevHire.config.DBConnection - Successfully established connection to database: jdbc:oracle:thin:@localhost:1521/XEPDB1
2026-02-08 20:16:33 [main] INFO  com.pack.RevHire.config.DBConnection - Successfully established connection to database: jdbc:oracle:thin:@localhost:1521/XEPDB1
2026-02-08 20:16:33 [main] INFO  com.pack.RevHire.config.DBConnection - Successfully established connection to database: jdbc:oracle:thin:@localhost:1521/XEPDB1
2026-02-08 20:16:33 [main] INFO  com.pack.RevHire.config.DBConnection - Successfully established connection to database: jdbc:oracle:thin:@localhost:1521/XEPDB1
2026-02-08 20:16:33 [main] INFO  com.pack.RevHire.config.DBConnection - Successfully established connection to database: jdbc:oracle:thin:@localhost:1521/XEPDB1
2026-02-08 20:16:33 [main] INFO  com.pack.RevHire.config.DBConnection - Successfully established connection to database: jdbc:oracle:thin:@localhost:1521/XEPDB1
2026-02-08 20:16:33 [main] INFO  com.pack.RevHire.config.DBConnection - Successfully established connection to database: jdbc:oracle:thin:@localhost:1521/XEPDB1
2026-02-08 20:16:44 [main] INFO  com.pack.RevHire.config.DBConnection - Successfully established connection to database: jdbc:oracle:thin:@localhost:1521/XEPDB1
2026-02-08 20:16:45 [main] INFO  com.pack.RevHire.config.DBConnection - Successfully established connection to database: jdbc:oracle:thin:@localhost:1521/XEPDB1
2026-02-08 20:16:45 [main] INFO  com.pack.RevHire.config.DBConnection - Successfully established connection to database: jdbc:oracle:thin:@localhost:1521/XEPDB1
2026-02-08 20:16:45 [main] INFO  com.pack.RevHire.config.DBConnection - Successfully established connection to database: jdbc:oracle:thin:@localhost:1521/XEPDB1
2026-02-08 20:16:45 [main] INFO  com.pack.RevHire.config.DBConnection - Successfully established connection to database: jdbc:oracle:thin:@localhost:1521/XEPDB1
2026-02-08 20:16:45 [main] INFO  com.pack.RevHire.config.DBConnection - Successfully established connection to database: jdbc:oracle:thin:@localhost:1521/XEPDB1
2026-02-08 20:16:45 [main] INFO  com.pack.RevHire.config.DBConnection - Successfully established connection to database: jdbc:oracle:thin:@localhost:1521/XEPDB1
2026-02-08 20:16:59 [main] INFO  com.pack.RevHire.config.DBConnection - Successfully established connection to database: jdbc:oracle:thin:@localhost:1521/XEPDB1
2026-02-08 20:16:59 [main] INFO  com.pack.RevHire.config.DBConnection - Successfully established connection to database: jdbc:oracle:thin:@localhost:1521/XEPDB1
2026-02-08 20:16:59 [main] INFO  com.pack.RevHire.config.DBConnection - Successfully established connection to database: jdbc:oracle:thin:@localhost:1521/XEPDB1
2026-02-08 20:16:59 [main] INFO  com.pack.RevHire.config.DBConnection - Successfully established connection to database: jdbc:oracle:thin:@localhost:1521/XEPDB1
2026-02-08 20:16:59 [main] INFO  com.pack.RevHire.config.DBConnection - Successfully established connection to database: jdbc:oracle:thin:@localhost:1521/XEPDB1
2026-02-08 20:16:59 [main] INFO  com.pack.RevHire.config.DBConnection - Successfully established connection to database: jdbc:oracle:thin:@localhost:1521/XEPDB1
2026-02-08 20:16:59 [main] INFO  com.pack.RevHire.config.DBConnection - Successfully established connection to database: jdbc:oracle:thin:@localhost:1521/XEPDB1
2026-02-08 20:16:59 [main] INFO  com.pack.RevHire.config.DBConnection - Successfully established connection to database: jdbc:oracle:thin:@localhost:1521/XEPDB1
2026-02-08 20:16:59 [main] INFO  com.pack.RevHire.config.DBConnection - Successfully established connection to database: jdbc:oracle:thin:@localhost:1521/XEPDB1
2026-02-08 20:16:59 [main] INFO  com.pack.RevHire.config.DBConnection - Successfully established connection to database: jdbc:oracle:thin:@localhost:1521/XEPDB1
2026-02-08 20:16:59 [main] INFO  com.pack.RevHire.config.DBConnection - Successfully established connection to database: jdbc:oracle:thin:@localhost:1521/XEPDB1
2026-02-08 20:16:59 [main] INFO  com.pack.RevHire.config.DBConnection - Successfully established connection to database: jdbc:oracle:thin:@localhost:1521/XEPDB1
2026-02-08 20:16:59 [main] INFO  com.pack.RevHire.config.DBConnection - Successfully established connection to database: jdbc:oracle:thin:@localhost:1521/XEPDB1
2026-02-08 20:17:16 [main] INFO  com.pack.RevHire.config.DBConnection - Successfully established connection to database: jdbc:oracle:thin:@localhost:1521/XEPDB1
2026-02-10 09:39:37 [main] INFO  com.pack.RevHire.config.DBConnection - Successfully established connection to database: jdbc:oracle:thin:@localhost:1521/XEPDB1
2026-02-10 09:39:37 [main] INFO  com.pack.RevHire.config.DatabaseInitializer - Starting Database check to verify required tables...
2026-02-10 09:39:39 [main] INFO  com.pack.RevHire.config.DatabaseInitializer - Database check complete: All required tables already exist.
2026-02-10 09:43:55 [main] INFO  com.pack.RevHire.config.DBConnection - Successfully established connection to database: jdbc:oracle:thin:@localhost:1521/XEPDB1
2026-02-10 10:02:27 [main] INFO  com.pack.RevHire.config.DBConnection - Successfully established connection to database: jdbc:oracle:thin:@localhost:1521/XEPDB1
2026-02-10 10:02:27 [main] INFO  com.pack.RevHire.config.DatabaseInitializer - Starting Database check to verify required tables...
2026-02-10 10:02:27 [main] INFO  com.pack.RevHire.config.DatabaseInitializer - Database check complete: All required tables already exist.
2026-02-10 10:41:39 [main] INFO  com.pack.RevHire.config.DBConnection - Successfully established connection to database: jdbc:oracle:thin:@localhost:1521/XEPDB1
2026-02-10 10:41:39 [main] INFO  com.pack.RevHire.config.DatabaseInitializer - Starting Database check to verify required tables...
2026-02-10 10:41:39 [main] INFO  com.pack.RevHire.config.DatabaseInitializer - Database check complete: All required tables already exist.
2026-02-10 10:41:51 [main] INFO  com.pack.RevHire.config.DBConnection - Successfully established connection to database: jdbc:oracle:thin:@localhost:1521/XEPDB1
2026-02-10 10:41:55 [main] INFO  com.pack.RevHire.config.DBConnection - Successfully established connection to database: jdbc:oracle:thin:@localhost:1521/XEPDB1
2026-02-10 10:46:16 [main] INFO  com.pack.RevHire.config.DBConnection - Successfully established connection to database: jdbc:oracle:thin:@localhost:1521/XEPDB1
2026-02-10 10:46:16 [main] INFO  com.pack.RevHire.config.DatabaseInitializer - Starting Database check to verify required tables...
2026-02-10 10:46:17 [main] INFO  com.pack.RevHire.config.DatabaseInitializer - Database check complete: All required tables already exist.
2026-02-10 10:46:44 [main] INFO  com.pack.RevHire.config.DBConnection - Successfully established connection to database: jdbc:oracle:thin:@localhost:1521/XEPDB1
2026-02-10 10:46:49 [main] INFO  com.pack.RevHire.config.DBConnection - Successfully established connection to database: jdbc:oracle:thin:@localhost:1521/XEPDB1
